Using pre-set license
Built from '2022.3/staging' branch; Version is '2022.3.4f1 (35713cd46cd7) revision 3502396'; Using compiler version '192829333'; Build Type 'Release'
OS: 'Windows 10  (10.0.19045) 64bit Core' Language: 'en' Physical Memory: 16327 MB
BatchMode: 1, IsHumanControllingUs: 0, StartBugReporterOnCrash: 0, Is64bit: 1, IsPro: 1

COMMAND LINE ARGUMENTS:
D:\Unity\2022.3.4f1\Editor\Unity.exe
-adb2
-batchMode
-noUpm
-name
AssetImportWorker0
-projectPath
D:/Unity/NewBarkerAsg1
-logFile
Logs/AssetImportWorker0.log
-srvPort
55030
Successfully changed project path to: D:/Unity/NewBarkerAsg1
D:/Unity/NewBarkerAsg1
[UnityMemory] Configuration Parameters - Can be set up in boot.config
    "memorysetup-bucket-allocator-granularity=16"
    "memorysetup-bucket-allocator-bucket-count=8"
    "memorysetup-bucket-allocator-block-size=33554432"
    "memorysetup-bucket-allocator-block-count=8"
    "memorysetup-main-allocator-block-size=16777216"
    "memorysetup-thread-allocator-block-size=16777216"
    "memorysetup-gfx-main-allocator-block-size=16777216"
    "memorysetup-gfx-thread-allocator-block-size=16777216"
    "memorysetup-cache-allocator-block-size=4194304"
    "memorysetup-typetree-allocator-block-size=2097152"
    "memorysetup-profiler-bucket-allocator-granularity=16"
    "memorysetup-profiler-bucket-allocator-bucket-count=8"
    "memorysetup-profiler-bucket-allocator-block-size=33554432"
    "memorysetup-profiler-bucket-allocator-block-count=8"
    "memorysetup-profiler-allocator-block-size=16777216"
    "memorysetup-profiler-editor-allocator-block-size=1048576"
    "memorysetup-temp-allocator-size-main=16777216"
    "memorysetup-job-temp-allocator-block-size=2097152"
    "memorysetup-job-temp-allocator-block-size-background=1048576"
    "memorysetup-job-temp-allocator-reduction-small-platforms=262144"
    "memorysetup-allocator-temp-initial-block-size-main=262144"
    "memorysetup-allocator-temp-initial-block-size-worker=262144"
    "memorysetup-temp-allocator-size-background-worker=32768"
    "memorysetup-temp-allocator-size-job-worker=262144"
    "memorysetup-temp-allocator-size-preload-manager=33554432"
    "memorysetup-temp-allocator-size-nav-mesh-worker=65536"
    "memorysetup-temp-allocator-size-audio-worker=65536"
    "memorysetup-temp-allocator-size-cloud-worker=32768"
    "memorysetup-temp-allocator-size-gi-baking-worker=262144"
    "memorysetup-temp-allocator-size-gfx=262144"
Player connection [9032] Host "[IP] 192.168.1.77 [Port] 0 [Flags] 2 [Guid] 1451082893 [EditorId] 1451082893 [Version] 1048832 [Id] WindowsEditor(7,DESKTOP-Q5LO9OB) [Debug] 1 [PackageName] WindowsEditor [ProjectName] Editor" joined multi-casting on [225.0.0.222:54997]...

Player connection [9032] Host "[IP] 192.168.1.77 [Port] 0 [Flags] 2 [Guid] 1451082893 [EditorId] 1451082893 [Version] 1048832 [Id] WindowsEditor(7,DESKTOP-Q5LO9OB) [Debug] 1 [PackageName] WindowsEditor [ProjectName] Editor" joined alternative multi-casting on [225.0.0.222:34997]...

Refreshing native plugins compatible for Editor in 9.81 ms, found 3 plugins.
Preloading 0 native plugins for Editor in 0.00 ms.
Initialize engine version: 2022.3.4f1 (35713cd46cd7)
[Subsystems] Discovering subsystems at path D:/Unity/2022.3.4f1/Editor/Data/Resources/UnitySubsystems
[Subsystems] Discovering subsystems at path D:/Unity/NewBarkerAsg1/Assets
GfxDevice: creating device client; threaded=0; jobified=0
Direct3D:
    Version:  Direct3D 11.0 [level 11.1]
    Renderer: NVIDIA GeForce GTX 1060 3GB (ID=0x1c02)
    Vendor:   NVIDIA
    VRAM:     2978 MB
    Driver:   31.0.15.2756
Initialize mono
Mono path[0] = 'D:/Unity/2022.3.4f1/Editor/Data/Managed'
Mono path[1] = 'D:/Unity/2022.3.4f1/Editor/Data/MonoBleedingEdge/lib/mono/unityjit-win32'
Mono config path = 'D:/Unity/2022.3.4f1/Editor/Data/MonoBleedingEdge/etc'
Using monoOptions --debugger-agent=transport=dt_socket,embedding=1,server=y,suspend=n,address=127.0.0.1:56484
Begin MonoManager ReloadAssembly
Registering precompiled unity dll's ...
Register platform support module: D:/Unity/2022.3.4f1/Editor/Data/PlaybackEngines/WindowsStandaloneSupport/UnityEditor.WindowsStandalone.Extensions.dll
Registered in 0.005106 seconds.
- Loaded All Assemblies, in  0.318 seconds
Native extension for WindowsStandalone target not found
Mono: successfully reloaded assembly
- Finished resetting the current domain, in  0.252 seconds
Domain Reload Profiling: 570ms
	BeginReloadAssembly (72ms)
		ExecutionOrderSort (0ms)
		DisableScriptedObjects (0ms)
		BackupInstance (0ms)
		ReleaseScriptingObjects (0ms)
		CreateAndSetChildDomain (1ms)
	RebuildCommonClasses (32ms)
	RebuildNativeTypeToScriptingClass (11ms)
	initialDomainReloadingComplete (62ms)
	LoadAllAssembliesAndSetupDomain (141ms)
		LoadAssemblies (71ms)
		RebuildTransferFunctionScriptingTraits (0ms)
		AnalyzeDomain (139ms)
			TypeCache.Refresh (138ms)
				TypeCache.ScanAssembly (126ms)
			ScanForSourceGeneratedMonoScriptInfo (0ms)
			ResolveRequiredComponents (0ms)
	FinalizeReload (253ms)
		ReleaseScriptCaches (0ms)
		RebuildScriptCaches (0ms)
		SetupLoadedEditorAssemblies (196ms)
			LogAssemblyErrors (0ms)
			InitializePlatformSupportModulesInManaged (8ms)
			SetLoadedEditorAssemblies (7ms)
			RefreshPlugins (0ms)
			BeforeProcessingInitializeOnLoad (2ms)
			ProcessInitializeOnLoadAttributes (134ms)
			ProcessInitializeOnLoadMethodAttributes (46ms)
			AfterProcessingInitializeOnLoad (0ms)
			EditorAssembliesLoaded (0ms)
		ExecutionOrderSort2 (0ms)
		AwakeInstancesAfterBackupRestoration (0ms)
========================================================================
Worker process is ready to serve import requests
Begin MonoManager ReloadAssembly
Symbol file LoadedFromMemory doesn't match image D:\Unity\NewBarkerAsg1\Library\PackageCache\com.unity.visualscripting@1.8.0\Editor\VisualScripting.Core\Dependencies\YamlDotNet\Unity.VisualScripting.YamlDotNet.dll
Symbol file LoadedFromMemory doesn't match image D:\Unity\NewBarkerAsg1\Library\PackageCache\com.unity.visualscripting@1.8.0\Editor\VisualScripting.Core\Dependencies\DotNetZip\Unity.VisualScripting.IonicZip.dll
- Loaded All Assemblies, in  0.765 seconds
Refreshing native plugins compatible for Editor in 2.53 ms, found 3 plugins.
Native extension for WindowsStandalone target not found
Mono: successfully reloaded assembly
- Finished resetting the current domain, in  0.704 seconds
Domain Reload Profiling: 1469ms
	BeginReloadAssembly (115ms)
		ExecutionOrderSort (0ms)
		DisableScriptedObjects (5ms)
		BackupInstance (0ms)
		ReleaseScriptingObjects (0ms)
		CreateAndSetChildDomain (20ms)
	RebuildCommonClasses (32ms)
	RebuildNativeTypeToScriptingClass (12ms)
	initialDomainReloadingComplete (39ms)
	LoadAllAssembliesAndSetupDomain (567ms)
		LoadAssemblies (203ms)
		RebuildTransferFunctionScriptingTraits (0ms)
		AnalyzeDomain (420ms)
			TypeCache.Refresh (378ms)
				TypeCache.ScanAssembly (363ms)
			ScanForSourceGeneratedMonoScriptInfo (25ms)
			ResolveRequiredComponents (16ms)
	FinalizeReload (705ms)
		ReleaseScriptCaches (0ms)
		RebuildScriptCaches (0ms)
		SetupLoadedEditorAssemblies (502ms)
			LogAssemblyErrors (0ms)
			InitializePlatformSupportModulesInManaged (6ms)
			SetLoadedEditorAssemblies (5ms)
			RefreshPlugins (0ms)
			BeforeProcessingInitializeOnLoad (79ms)
			ProcessInitializeOnLoadAttributes (320ms)
			ProcessInitializeOnLoadMethodAttributes (87ms)
			AfterProcessingInitializeOnLoad (3ms)
			EditorAssembliesLoaded (0ms)
		ExecutionOrderSort2 (0ms)
		AwakeInstancesAfterBackupRestoration (10ms)
Launched and connected shader compiler UnityShaderCompiler.exe after 0.07 seconds
Refreshing native plugins compatible for Editor in 2.23 ms, found 3 plugins.
Preloading 0 native plugins for Editor in 0.00 ms.
Unloading 4888 Unused Serialized files (Serialized files now loaded: 0)
Unloading 74 unused Assets / (0.8 MB). Loaded Objects now: 5337.
Memory consumption went from 194.4 MB to 193.6 MB.
Total: 3.871500 ms (FindLiveObjects: 0.400200 ms CreateObjectMapping: 0.477000 ms MarkObjects: 2.611700 ms  DeleteObjects: 0.381700 ms)

AssetImportParameters requested are different than current active one (requested -> active):
  custom:container-demuxer-ogg: 62fdf1f143b41e24485cea50d1cbac27 -> 
  custom:video-codec-MediaFoundation-h265: 746d11721c4dcdbdad8f713fa42b33f4 -> 
  custom:video-decoder-ogg-theora: a1e56fd34408186e4bbccfd4996cb3dc -> 
  custom:framework-win-MediaFoundation: 216162199b28c13a410421893ffa2e32 -> 
  custom:container-demuxer-webm: 4f35f7cbe854078d1ac9338744f61a02 -> 
  custom:container-muxer-webm: aa71ff27fc2769a1b78a27578f13a17b -> 
  custom:video-decoder-webm-vp8: 9c59270c3fd7afecdb556c50c9e8de78 -> 
  custom:AudioImporter_EditorPlatform: d09bf68614088b80899f8185d706f6e7 -> 
  custom:video-encoder-webm-vp8: eb34c28f22e8b96e1ab97ce403110664 -> 
  custom:audio-decoder-ogg-vorbis: bf7c407c2cedff20999df2af8eb42d56 -> 
  custom:audio-encoder-webm-vorbis: bf7c407c2cedff20999df2af8eb42d56 -> 
========================================================================
Received Import Request.
  Time since last request: 20090.373130 seconds.
  path: Assets/Scenes/Scene 2 - Left Room 1 (Closest to Lobby).unity
  artifactKey: Guid(fb02447b34bfedd4d9862946b33dc631) Importer(815301076,1909f56bfc062723c751e8b465ee728b)
Start importing Assets/Scenes/Scene 2 - Left Room 1 (Closest to Lobby).unity using Guid(fb02447b34bfedd4d9862946b33dc631) Importer(815301076,1909f56bfc062723c751e8b465ee728b)  -> (artifact id: '0687268b895e4db42f7a51d62d0ca29e') in 0.021684 seconds
Number of updated asset objects reloaded before import = 0
Number of asset objects unloaded after import = 0
========================================================================
Received Prepare
Refreshing native plugins compatible for Editor in 2.86 ms, found 3 plugins.
Preloading 0 native plugins for Editor in 0.00 ms.
Unloading 12 Unused Serialized files (Serialized files now loaded: 0)
Unloading 12 unused Assets / (0.7 MB). Loaded Objects now: 5337.
Memory consumption went from 97.3 MB to 96.5 MB.
Total: 4.478100 ms (FindLiveObjects: 0.536700 ms CreateObjectMapping: 0.538900 ms MarkObjects: 3.097000 ms  DeleteObjects: 0.304500 ms)

Prepare: number of updated asset objects reloaded= 0
AssetImportParameters requested are different than current active one (requested -> active):
  custom:container-demuxer-ogg: 62fdf1f143b41e24485cea50d1cbac27 -> 
  custom:video-codec-MediaFoundation-h265: 746d11721c4dcdbdad8f713fa42b33f4 -> 
  custom:video-decoder-ogg-theora: a1e56fd34408186e4bbccfd4996cb3dc -> 
  custom:framework-win-MediaFoundation: 216162199b28c13a410421893ffa2e32 -> 
  custom:CustomObjectIndexerAttribute: a3ef5dd2817f97addfee359851a9dba5 -> 
  custom:container-demuxer-webm: 4f35f7cbe854078d1ac9338744f61a02 -> 
  custom:container-muxer-webm: aa71ff27fc2769a1b78a27578f13a17b -> 
  custom:video-decoder-webm-vp8: 9c59270c3fd7afecdb556c50c9e8de78 -> 
  custom:AudioImporter_EditorPlatform: d09bf68614088b80899f8185d706f6e7 -> 
  custom:video-encoder-webm-vp8: eb34c28f22e8b96e1ab97ce403110664 -> 
  custom:audio-decoder-ogg-vorbis: bf7c407c2cedff20999df2af8eb42d56 -> 
  custom:audio-encoder-webm-vorbis: bf7c407c2cedff20999df2af8eb42d56 -> 
========================================================================
Received Import Request.
  Time since last request: 33.091627 seconds.
  path: Assets/Scenes/Scene 7 - Entire Museum Layout (Only if needed).unity
  artifactKey: Guid(fb02447b34bfedd4d9862946b33dc631) Importer(815301076,1909f56bfc062723c751e8b465ee728b)
Start importing Assets/Scenes/Scene 7 - Entire Museum Layout (Only if needed).unity using Guid(fb02447b34bfedd4d9862946b33dc631) Importer(815301076,1909f56bfc062723c751e8b465ee728b)  -> (artifact id: '8471e93b43243cf2d540d668ee6cd3f7') in 0.004499 seconds
Number of updated asset objects reloaded before import = 0
Number of asset objects unloaded after import = 0
========================================================================
Received Import Request.
  Time since last request: 34.057302 seconds.
  path: Assets/Scenes/Scene 7 - Entire Museum Layout (Only if needed) 1.unity
  artifactKey: Guid(d23246e5b7e28ff4e9585cdf8b62bd5d) Importer(815301076,1909f56bfc062723c751e8b465ee728b)
Start importing Assets/Scenes/Scene 7 - Entire Museum Layout (Only if needed) 1.unity using Guid(d23246e5b7e28ff4e9585cdf8b62bd5d) Importer(815301076,1909f56bfc062723c751e8b465ee728b)  -> (artifact id: 'c94a94311bb4306dec4520055fce53f3') in 0.000450 seconds
Number of updated asset objects reloaded before import = 0
Number of asset objects unloaded after import = 0
========================================================================
Received Import Request.
  Time since last request: 14.816202 seconds.
  path: Assets/Scenes/Scene 1 -West Lobby.unity
  artifactKey: Guid(d23246e5b7e28ff4e9585cdf8b62bd5d) Importer(815301076,1909f56bfc062723c751e8b465ee728b)
Start importing Assets/Scenes/Scene 1 -West Lobby.unity using Guid(d23246e5b7e28ff4e9585cdf8b62bd5d) Importer(815301076,1909f56bfc062723c751e8b465ee728b)  -> (artifact id: '8a95a9d8a25cb2daf1e34ed5c1bd8154') in 0.000523 seconds
Number of updated asset objects reloaded before import = 0
Number of asset objects unloaded after import = 0
========================================================================
Received Import Request.
  Time since last request: 8.053927 seconds.
  path: Assets/Scenes/Scene 7 - Entire Museum Layout (Only if needed).unity
  artifactKey: Guid(fb02447b34bfedd4d9862946b33dc631) Importer(815301076,1909f56bfc062723c751e8b465ee728b)
Start importing Assets/Scenes/Scene 7 - Entire Museum Layout (Only if needed).unity using Guid(fb02447b34bfedd4d9862946b33dc631) Importer(815301076,1909f56bfc062723c751e8b465ee728b)  -> (artifact id: '333a02cfc2e6b4c60ee22a805c49b6c0') in 0.000463 seconds
Number of updated asset objects reloaded before import = 0
Number of asset objects unloaded after import = 0
========================================================================
Received Import Request.
  Time since last request: 130.693670 seconds.
  path: Assets/Scenes/Scene 7 - Entire Museum Layout (Only if needed) 1.unity
  artifactKey: Guid(09a66a3b5fe76fb458ef26ec6d2edd9f) Importer(815301076,1909f56bfc062723c751e8b465ee728b)
Start importing Assets/Scenes/Scene 7 - Entire Museum Layout (Only if needed) 1.unity using Guid(09a66a3b5fe76fb458ef26ec6d2edd9f) Importer(815301076,1909f56bfc062723c751e8b465ee728b)  -> (artifact id: 'ae1b8ee86b7e40d702081a66fa5e6d96') in 0.000463 seconds
Number of updated asset objects reloaded before import = 0
Number of asset objects unloaded after import = 0
========================================================================
Received Import Request.
  Time since last request: 43.548343 seconds.
  path: Assets/Scenes/Scene 2 - North West Room.unity
  artifactKey: Guid(09a66a3b5fe76fb458ef26ec6d2edd9f) Importer(815301076,1909f56bfc062723c751e8b465ee728b)
Start importing Assets/Scenes/Scene 2 - North West Room.unity using Guid(09a66a3b5fe76fb458ef26ec6d2edd9f) Importer(815301076,1909f56bfc062723c751e8b465ee728b)  -> (artifact id: '2ea2df702f495ef0301cffb8aedbe98a') in 0.000674 seconds
Number of updated asset objects reloaded before import = 0
Number of asset objects unloaded after import = 0
========================================================================
Received Import Request.
  Time since last request: 6.684592 seconds.
  path: Assets/Scenes/Scene 1 -West Lobby.unity
  artifactKey: Guid(d23246e5b7e28ff4e9585cdf8b62bd5d) Importer(815301076,1909f56bfc062723c751e8b465ee728b)
Start importing Assets/Scenes/Scene 1 -West Lobby.unity using Guid(d23246e5b7e28ff4e9585cdf8b62bd5d) Importer(815301076,1909f56bfc062723c751e8b465ee728b)  -> (artifact id: 'e3d8dae37036f2c9f54c8aa88bb760e9') in 0.000446 seconds
Number of updated asset objects reloaded before import = 0
Number of asset objects unloaded after import = 0
========================================================================
Received Import Request.
  Time since last request: 194.233044 seconds.
  path: Assets/Scenes/Scene 7 - Entire Museum Layout (Only if needed) 1.unity
  artifactKey: Guid(e9187086ae9c9744f8786175f729397f) Importer(815301076,1909f56bfc062723c751e8b465ee728b)
Start importing Assets/Scenes/Scene 7 - Entire Museum Layout (Only if needed) 1.unity using Guid(e9187086ae9c9744f8786175f729397f) Importer(815301076,1909f56bfc062723c751e8b465ee728b)  -> (artifact id: '7c377605400026f8774161fab8c5d6a5') in 0.000612 seconds
Number of updated asset objects reloaded before import = 0
Number of asset objects unloaded after import = 0
========================================================================
Received Import Request.
  Time since last request: 20.353022 seconds.
  path: Assets/Scenes/Scene 3 - North East Room.unity
  artifactKey: Guid(e9187086ae9c9744f8786175f729397f) Importer(815301076,1909f56bfc062723c751e8b465ee728b)
Start importing Assets/Scenes/Scene 3 - North East Room.unity using Guid(e9187086ae9c9744f8786175f729397f) Importer(815301076,1909f56bfc062723c751e8b465ee728b)  -> (artifact id: '8636a47b2e697a1d77012bc16a581713') in 0.000578 seconds
Number of updated asset objects reloaded before import = 0
Number of asset objects unloaded after import = 0
========================================================================
Received Import Request.
  Time since last request: 281.826990 seconds.
  path: Assets/Scenes/Scene 7 - Entire Museum Layout (Only if needed) 1.unity
  artifactKey: Guid(fef4884fae0a80c418e7ccc99be71e21) Importer(815301076,1909f56bfc062723c751e8b465ee728b)
Start importing Assets/Scenes/Scene 7 - Entire Museum Layout (Only if needed) 1.unity using Guid(fef4884fae0a80c418e7ccc99be71e21) Importer(815301076,1909f56bfc062723c751e8b465ee728b)  -> (artifact id: 'f967124eb1410449fda67ee5eac820eb') in 0.000700 seconds
Number of updated asset objects reloaded before import = 0
Number of asset objects unloaded after import = 0
========================================================================
Received Import Request.
  Time since last request: 14.176521 seconds.
  path: Assets/Scenes/Scene 4 - Center Atrium.unity
  artifactKey: Guid(fef4884fae0a80c418e7ccc99be71e21) Importer(815301076,1909f56bfc062723c751e8b465ee728b)
Start importing Assets/Scenes/Scene 4 - Center Atrium.unity using Guid(fef4884fae0a80c418e7ccc99be71e21) Importer(815301076,1909f56bfc062723c751e8b465ee728b)  -> (artifact id: 'a342bf66dd84d021603498ecf7f23d77') in 0.000559 seconds
Number of updated asset objects reloaded before import = 0
Number of asset objects unloaded after import = 0
========================================================================
Received Import Request.
  Time since last request: 175.435321 seconds.
  path: Assets/Scenes/Scene 7 - Entire Museum Layout (Only if needed) 1.unity
  artifactKey: Guid(78e2598dbfecaf7458478172dfa6e40c) Importer(815301076,1909f56bfc062723c751e8b465ee728b)
Start importing Assets/Scenes/Scene 7 - Entire Museum Layout (Only if needed) 1.unity using Guid(78e2598dbfecaf7458478172dfa6e40c) Importer(815301076,1909f56bfc062723c751e8b465ee728b)  -> (artifact id: 'adcccfcf9497fd02855f4227e7b9c36f') in 0.000646 seconds
Number of updated asset objects reloaded before import = 0
Number of asset objects unloaded after import = 0
========================================================================
Received Import Request.
  Time since last request: 25.077719 seconds.
  path: Assets/Scenes/Scene 5 - South West Room.unity
  artifactKey: Guid(78e2598dbfecaf7458478172dfa6e40c) Importer(815301076,1909f56bfc062723c751e8b465ee728b)
Start importing Assets/Scenes/Scene 5 - South West Room.unity using Guid(78e2598dbfecaf7458478172dfa6e40c) Importer(815301076,1909f56bfc062723c751e8b465ee728b)  -> (artifact id: '500a9729f23dac610fa8f3eb34609801') in 0.000658 seconds
Number of updated asset objects reloaded before import = 0
Number of asset objects unloaded after import = 0
========================================================================
Received Import Request.
  Time since last request: 264.998793 seconds.
  path: Assets/Scenes/Scene 7 - Entire Museum Layout (Only if needed).unity
  artifactKey: Guid(fb02447b34bfedd4d9862946b33dc631) Importer(815301076,1909f56bfc062723c751e8b465ee728b)
Start importing Assets/Scenes/Scene 7 - Entire Museum Layout (Only if needed).unity using Guid(fb02447b34bfedd4d9862946b33dc631) Importer(815301076,1909f56bfc062723c751e8b465ee728b)  -> (artifact id: '6e111568dcb901f0c4e10f29a4754964') in 0.000670 seconds
Number of updated asset objects reloaded before import = 0
Number of asset objects unloaded after import = 0
========================================================================
Received Import Request.
  Time since last request: 29.267672 seconds.
  path: Assets/Scenes/Scene 7 - Entire Layout.unity
  artifactKey: Guid(78e2598dbfecaf7458478172dfa6e40c) Importer(815301076,1909f56bfc062723c751e8b465ee728b)
Start importing Assets/Scenes/Scene 7 - Entire Layout.unity using Guid(78e2598dbfecaf7458478172dfa6e40c) Importer(815301076,1909f56bfc062723c751e8b465ee728b)  -> (artifact id: '583bc4a8f08b99247ae591ad2da2e19b') in 0.000521 seconds
Number of updated asset objects reloaded before import = 0
Number of asset objects unloaded after import = 0
========================================================================
Received Import Request.
  Time since last request: 16.312339 seconds.
  path: Assets/Scenes/Scene 5 - South West Room.unity
  artifactKey: Guid(fb02447b34bfedd4d9862946b33dc631) Importer(815301076,1909f56bfc062723c751e8b465ee728b)
Start importing Assets/Scenes/Scene 5 - South West Room.unity using Guid(fb02447b34bfedd4d9862946b33dc631) Importer(815301076,1909f56bfc062723c751e8b465ee728b)  -> (artifact id: 'c6e7d770738dbf077b1084543b6b2d9f') in 0.000621 seconds
Number of updated asset objects reloaded before import = 0
Number of asset objects unloaded after import = 0
========================================================================
Received Import Request.
  Time since last request: 20.650856 seconds.
  path: Assets/Scenes/Scene 7 - Entire Layout 1.unity
  artifactKey: Guid(8c11f79bf8c218942bc0d42586978def) Importer(815301076,1909f56bfc062723c751e8b465ee728b)
Start importing Assets/Scenes/Scene 7 - Entire Layout 1.unity using Guid(8c11f79bf8c218942bc0d42586978def) Importer(815301076,1909f56bfc062723c751e8b465ee728b)  -> (artifact id: '429b50af3ebccb7a9463c4ac41f5a8e5') in 0.000457 seconds
Number of updated asset objects reloaded before import = 0
Number of asset objects unloaded after import = 0
========================================================================
Received Import Request.
  Time since last request: 14.157218 seconds.
  path: Assets/Scenes/Scene 6 - South East Room.unity
  artifactKey: Guid(8c11f79bf8c218942bc0d42586978def) Importer(815301076,1909f56bfc062723c751e8b465ee728b)
Start importing Assets/Scenes/Scene 6 - South East Room.unity using Guid(8c11f79bf8c218942bc0d42586978def) Importer(815301076,1909f56bfc062723c751e8b465ee728b)  -> (artifact id: '8c7b1ecff63c0ad267bcec75d1ffa9eb') in 0.000491 seconds
Number of updated asset objects reloaded before import = 0
Number of asset objects unloaded after import = 0
========================================================================
Received Import Request.
  Time since last request: 231.308917 seconds.
  path: Assets/Scenes/Scene 6 - South East Room.unity
  artifactKey: Guid(8c11f79bf8c218942bc0d42586978def) Importer(815301076,1909f56bfc062723c751e8b465ee728b)
Start importing Assets/Scenes/Scene 6 - South East Room.unity using Guid(8c11f79bf8c218942bc0d42586978def) Importer(815301076,1909f56bfc062723c751e8b465ee728b)  -> (artifact id: 'b6c96c8e760d9e4db4584a60cfd929f1') in 0.000625 seconds
Number of updated asset objects reloaded before import = 0
Number of asset objects unloaded after import = 0
========================================================================
Received Import Request.
  Time since last request: 17.149799 seconds.
  path: Assets/Scenes/Scene 7 - Entire Layout (Only if needed for reference).unity
  artifactKey: Guid(78e2598dbfecaf7458478172dfa6e40c) Importer(815301076,1909f56bfc062723c751e8b465ee728b)
Start importing Assets/Scenes/Scene 7 - Entire Layout (Only if needed for reference).unity using Guid(78e2598dbfecaf7458478172dfa6e40c) Importer(815301076,1909f56bfc062723c751e8b465ee728b)  -> (artifact id: 'c3a666af3e70c0ce09b4d4931cf1e25b') in 0.000467 seconds
Number of updated asset objects reloaded before import = 0
Number of asset objects unloaded after import = 0
========================================================================
Received Import Request.
  Time since last request: 55.569135 seconds.
  path: Assets/Scenes/Scene 2 - North West Room.unity
  artifactKey: Guid(09a66a3b5fe76fb458ef26ec6d2edd9f) Importer(815301076,1909f56bfc062723c751e8b465ee728b)
Start importing Assets/Scenes/Scene 2 - North West Room.unity using Guid(09a66a3b5fe76fb458ef26ec6d2edd9f) Importer(815301076,1909f56bfc062723c751e8b465ee728b)  -> (artifact id: 'f4e2e3201663f4cd8e55afaa165550ed') in 0.000479 seconds
Number of updated asset objects reloaded before import = 0
Number of asset objects unloaded after import = 0
========================================================================
Received Import Request.
  Time since last request: 3.319185 seconds.
  path: Assets/Scenes/Scene 3 - North East Room.unity
  artifactKey: Guid(e9187086ae9c9744f8786175f729397f) Importer(815301076,1909f56bfc062723c751e8b465ee728b)
Start importing Assets/Scenes/Scene 3 - North East Room.unity using Guid(e9187086ae9c9744f8786175f729397f) Importer(815301076,1909f56bfc062723c751e8b465ee728b)  -> (artifact id: 'df3e346cc1c729c00fc5b10f5eb1e348') in 0.000444 seconds
Number of updated asset objects reloaded before import = 0
Number of asset objects unloaded after import = 0
========================================================================
Received Import Request.
  Time since last request: 3.721948 seconds.
  path: Assets/Scenes/Scene 4 - Center Atrium.unity
  artifactKey: Guid(fef4884fae0a80c418e7ccc99be71e21) Importer(815301076,1909f56bfc062723c751e8b465ee728b)
Start importing Assets/Scenes/Scene 4 - Center Atrium.unity using Guid(fef4884fae0a80c418e7ccc99be71e21) Importer(815301076,1909f56bfc062723c751e8b465ee728b)  -> (artifact id: 'a9fc85c6b88c671c2b667fe6e255d410') in 0.000558 seconds
Number of updated asset objects reloaded before import = 0
Number of asset objects unloaded after import = 0
